mode: set
esep/grade-calculator/grade_calculator.go:21.37,23.2 1 1
esep/grade-calculator/grade_calculator.go:31.44,35.2 1 1
esep/grade-calculator/grade_calculator.go:37.51,40.26 2 1
esep/grade-calculator/grade_calculator.go:40.26,42.3 1 1
esep/grade-calculator/grade_calculator.go:42.8,42.33 1 1
esep/grade-calculator/grade_calculator.go:42.33,44.3 1 1
esep/grade-calculator/grade_calculator.go:44.8,44.33 1 1
esep/grade-calculator/grade_calculator.go:44.33,46.3 1 1
esep/grade-calculator/grade_calculator.go:46.8,46.33 1 1
esep/grade-calculator/grade_calculator.go:46.33,48.3 1 1
esep/grade-calculator/grade_calculator.go:50.2,50.12 1 1
esep/grade-calculator/grade_calculator.go:53.51,56.26 2 1
esep/grade-calculator/grade_calculator.go:56.26,58.3 1 1
esep/grade-calculator/grade_calculator.go:60.2,60.15 1 1
esep/grade-calculator/grade_calculator.go:64.82,70.2 1 1
esep/grade-calculator/grade_calculator.go:72.58,79.2 5 1
esep/grade-calculator/grade_calculator.go:81.62,85.27 3 1
esep/grade-calculator/grade_calculator.go:85.27,86.26 1 1
esep/grade-calculator/grade_calculator.go:86.26,89.4 2 1
esep/grade-calculator/grade_calculator.go:92.2,92.16 1 1
esep/grade-calculator/grade_calculator.go:92.16,94.3 1 0
esep/grade-calculator/grade_calculator.go:96.2,96.20 1 1
